pi@esieabot-8f339e:/esieabot/service $ sudo apt install python3-pip
Reading package lists... Done
Building dependency tree... Done
Reading state information... Done
The following additional packages will be installed:
  libexpat1 libexpat1-dev libjs-sphinxdoc libjs-underscore libpython3-dev libpython3.9-dev python-pip-whl python3-dev python3-distutils python3-lib2to3 python3-setuptools python3-wheel python3.9-dev
Suggested packages:
  python-setuptools-doc
The following NEW packages will be installed:
  libexpat1-dev libjs-sphinxdoc libjs-underscore libpython3-dev libpython3.9-dev python-pip-whl python3-dev python3-distutils python3-lib2to3 python3-pip python3-setuptools python3-wheel
  python3.9-dev
The following packages will be upgraded:
  libexpat1
1 upgraded, 13 newly installed, 0 to remove and 21 not upgraded.
Need to get 6,977 kB of archives.
After this operation, 22.3 MB of additional disk space will be used.
Do you want to continue? [Y/n] y
Get:1 http://archive.raspberrypi.org/debian bullseye/main armhf python-pip-whl all 20.3.4-4+rpt1+deb11u1 [2,002 kB]
Get:2 http://raspbian.raspberrypi.org/raspbian bullseye/main armhf libexpat1 armhf 2.2.10-2+deb11u5 [75.0 kB]
Get:3 http://raspbian.raspberrypi.org/raspbian bullseye/main armhf libexpat1-dev armhf 2.2.10-2+deb11u5 [123 kB]
Get:4 http://raspbian.raspberrypi.org/raspbian bullseye/main armhf libjs-underscore all 1.9.1~dfsg-3 [100 kB]
Get:7 http://archive.raspberrypi.org/debian bullseye/main armhf python3-pip all 20.3.4-4+rpt1+deb11u1 [337 kB]
Get:5 http://mirrors.ircam.fr/pub/raspbian/raspbian bullseye/main armhf libjs-sphinxdoc all 3.4.3-2 [127 kB]
Get:6 http://raspbian.raspberrypi.org/raspbian bullseye/main armhf libpython3.9-dev armhf 3.9.2-1+rpi1 [3,055 kB]
Get:8 http://mirrors.ircam.fr/pub/raspbian/raspbian bullseye/main armhf libpython3-dev armhf 3.9.2-3 [21.7 kB]
Get:9 http://raspbian.raspberrypi.org/raspbian bullseye/main armhf python3.9-dev armhf 3.9.2-1+rpi1 [501 kB]
Get:10 http://mirrors.ircam.fr/pub/raspbian/raspbian bullseye/main armhf python3-lib2to3 all 3.9.2-1 [77.8 kB]
Get:11 http://mirrors.ircam.fr/pub/raspbian/raspbian bullseye/main armhf python3-distutils all 3.9.2-1 [143 kB]
Get:12 http://mirrors.ircam.fr/pub/raspbian/raspbian bullseye/main armhf python3-dev armhf 3.9.2-3 [24.8 kB]
Get:13 http://mirrors.ircam.fr/pub/raspbian/raspbian bullseye/main armhf python3-setuptools all 52.0.0-4 [366 kB]
Get:14 http://mirrors.ircam.fr/pub/raspbian/raspbian bullseye/main armhf python3-wheel all 0.34.2-1 [24.0 kB]
Fetched 6,977 kB in 5s (1,412 kB/s)
Reading changelogs... Done
(Reading database ... 46846 files and directories currently installed.)
Preparing to unpack .../00-libexpat1_2.2.10-2+deb11u5_armhf.deb ...
Unpacking libexpat1:armhf (2.2.10-2+deb11u5) over (2.2.10-2+deb11u4) ...
Selecting previously unselected package libexpat1-dev:armhf.
Preparing to unpack .../01-libexpat1-dev_2.2.10-2+deb11u5_armhf.deb ...
Unpacking libexpat1-dev:armhf (2.2.10-2+deb11u5) ...
Selecting previously unselected package libjs-underscore.
Preparing to unpack .../02-libjs-underscore_1.9.1~dfsg-3_all.deb ...
Unpacking libjs-underscore (1.9.1~dfsg-3) ...
Selecting previously unselected package libjs-sphinxdoc.
Preparing to unpack .../03-libjs-sphinxdoc_3.4.3-2_all.deb ...
Unpacking libjs-sphinxdoc (3.4.3-2) ...
Selecting previously unselected package libpython3.9-dev:armhf.
Preparing to unpack .../04-libpython3.9-dev_3.9.2-1+rpi1_armhf.deb ...
Unpacking libpython3.9-dev:armhf (3.9.2-1+rpi1) ...
Selecting previously unselected package libpython3-dev:armhf.
Preparing to unpack .../05-libpython3-dev_3.9.2-3_armhf.deb ...
Unpacking libpython3-dev:armhf (3.9.2-3) ...
Selecting previously unselected package python-pip-whl.
Preparing to unpack .../06-python-pip-whl_20.3.4-4+rpt1+deb11u1_all.deb ...
Unpacking python-pip-whl (20.3.4-4+rpt1+deb11u1) ...
Selecting previously unselected package python3.9-dev.
Preparing to unpack .../07-python3.9-dev_3.9.2-1+rpi1_armhf.deb ...
Unpacking python3.9-dev (3.9.2-1+rpi1) ...
Selecting previously unselected package python3-lib2to3.
Preparing to unpack .../08-python3-lib2to3_3.9.2-1_all.deb ...
Unpacking python3-lib2to3 (3.9.2-1) ...
Selecting previously unselected package python3-distutils.
Preparing to unpack .../09-python3-distutils_3.9.2-1_all.deb ...
Unpacking python3-distutils (3.9.2-1) ...
Selecting previously unselected package python3-dev.
Preparing to unpack .../10-python3-dev_3.9.2-3_armhf.deb ...
Unpacking python3-dev (3.9.2-3) ...
Selecting previously unselected package python3-setuptools.
Preparing to unpack .../11-python3-setuptools_52.0.0-4_all.deb ...
Unpacking python3-setuptools (52.0.0-4) ...
Selecting previously unselected package python3-wheel.
Preparing to unpack .../12-python3-wheel_0.34.2-1_all.deb ...
Unpacking python3-wheel (0.34.2-1) ...
Selecting previously unselected package python3-pip.
Preparing to unpack .../13-python3-pip_20.3.4-4+rpt1+deb11u1_all.deb ...
Unpacking python3-pip (20.3.4-4+rpt1+deb11u1) ...
Setting up libexpat1:armhf (2.2.10-2+deb11u5) ...
Setting up python3-wheel (0.34.2-1) ...
Setting up libexpat1-dev:armhf (2.2.10-2+deb11u5) ...
Setting up python-pip-whl (20.3.4-4+rpt1+deb11u1) ...
Setting up python3-lib2to3 (3.9.2-1) ...
Setting up libjs-underscore (1.9.1~dfsg-3) ...
Setting up python3-distutils (3.9.2-1) ...
Setting up python3-setuptools (52.0.0-4) ...
Setting up libpython3.9-dev:armhf (3.9.2-1+rpi1) ...
Setting up python3-pip (20.3.4-4+rpt1+deb11u1) ...
Setting up libjs-sphinxdoc (3.4.3-2) ...
Setting up python3.9-dev (3.9.2-1+rpi1) ...
Setting up libpython3-dev:armhf (3.9.2-3) ...
Setting up python3-dev (3.9.2-3) ...
Processing triggers for man-db (2.9.4-2) ...
Processing triggers for libc-bin (2.31-13+rpt2+rpi1+deb11u4) ...
pi@esieabot-8f339e:/esieabot/service $ pup3 -V
-bash: pup3: command not found
pi@esieabot-8f339e:/esieabot/service $ pip3 -V
pip 20.3.4 from /usr/lib/python3/dist-packages/pip (python 3.9)
pi@esieabot-8f339e:/esieabot/service $ pip3 install discord.py
Looking in indexes: https://pypi.org/simple, https://www.piwheels.org/simple
Collecting discord.py
  Downloading https://www.piwheels.org/simple/discord-py/discord.py-2.0.1-py3-none-any.whl (1.1 MB)
     |████████████████████████████████| 1.1 MB 197 kB/s
Collecting aiohttp<4,>=3.7.4
  Downloading https://www.piwheels.org/simple/aiohttp/aiohttp-3.8.3-cp39-cp39-linux_armv6l.whl (926 kB)
     |████████████████████████████████| 926 kB 238 kB/s
Collecting yarl<2.0,>=1.0
  Downloading https://www.piwheels.org/simple/yarl/yarl-1.8.1-cp39-cp39-linux_armv6l.whl (205 kB)
     |████████████████████████████████| 205 kB 710 kB/s
Collecting async-timeout<5.0,>=4.0.0a3
  Downloading https://www.piwheels.org/simple/async-timeout/async_timeout-4.0.2-py3-none-any.whl (5.8 kB)
Collecting multidict<7.0,>=4.5
  Downloading https://www.piwheels.org/simple/multidict/multidict-6.0.2-cp39-cp39-linux_armv6l.whl (109 kB)
     |████████████████████████████████| 109 kB 939 kB/s
Collecting charset-normalizer<3.0,>=2.0
  Downloading https://www.piwheels.org/simple/charset-normalizer/charset_normalizer-2.1.1-py3-none-any.whl (39 kB)
Collecting frozenlist>=1.1.1
  Downloading https://www.piwheels.org/simple/frozenlist/frozenlist-1.3.1-cp39-cp39-linux_armv6l.whl (136 kB)
     |████████████████████████████████| 136 kB 797 kB/s
Collecting aiosignal>=1.1.2
  Downloading https://www.piwheels.org/simple/aiosignal/aiosignal-1.2.0-py3-none-any.whl (8.2 kB)
Collecting attrs>=17.3.0
  Downloading https://www.piwheels.org/simple/attrs/attrs-22.1.0-py2.py3-none-any.whl (58 kB)
     |████████████████████████████████| 58 kB 496 kB/s
Requirement already satisfied: idna>=2.0 in /usr/lib/python3/dist-packages (from yarl<2.0,>=1.0->aiohttp<4,>=3.7.4->discord.py) (2.10)
Installing collected packages: multidict, frozenlist, yarl, charset-normalizer, attrs, async-timeout, aiosignal, aiohttp, discord.py
  WARNING: The script normalizer is installed in '/home/pi/.local/bin' which is not on PATH.
  Consider adding this directory to PATH or, if you prefer to suppress this warning, use --no-warn-script-location.
Successfully installed aiohttp-3.8.3 aiosignal-1.2.0 async-timeout-4.0.2 attrs-22.1.0 charset-normalizer-2.1.1 discord.py-2.0.1 frozenlist-1.3.1 multidict-6.0.2 yarl-1.8.1
pi@esieabot-8f339e:/esieabot/service $
